<?xml version="1.0" encoding="UTF-8"?>
<testsuite xmlns:xsi="http://www.w3.org/2001/XMLSchema-instance" xsi:noNamespaceSchemaLocation="https://maven.apache.org/surefire/maven-surefire-plugin/xsd/surefire-test-report.xsd" name="pl.agh.restaurant_project.WarehouseTests" time="1.884" tests="1" errors="0" skipped="0" failures="0">
  <properties>
    <property name="java.specification.version" value="16"/>
    <property name="sun.jnu.encoding" value="UTF-8"/>
    <property name="java.class.path" value="/home/piotrek/Restaurant_Project/project/target/test-classes:/home/piotrek/Restaurant_Project/project/target/classes:/home/piotrek/.m2/repository/org/apache/maven/plugins/maven-site-plugin/3.3/maven-site-plugin-3.3.jar:/home/piotrek/.m2/repository/org/apache/maven/reporting/maven-reporting-exec/1.1/maven-reporting-exec-1.1.jar:/home/piotrek/.m2/repository/org/apache/maven/reporting/maven-reporting-api/3.0/maven-reporting-api-3.0.jar:/home/piotrek/.m2/repository/org/sonatype/aether/aether-util/1.7/aether-util-1.7.jar:/home/piotrek/.m2/repository/org/eclipse/aether/aether-util/0.9.0.M2/aether-util-0.9.0.M2.jar:/home/piotrek/.m2/repository/org/apache/maven/maven-core/3.0/maven-core-3.0.jar:/home/piotrek/.m2/repository/org/apache/maven/maven-repository-metadata/3.0/maven-repository-metadata-3.0.jar:/home/piotrek/.m2/repository/org/apache/maven/maven-model-builder/3.0/maven-model-builder-3.0.jar:/home/piotrek/.m2/repository/org/apache/maven/maven-aether-provider/3.0/maven-aether-provider-3.0.jar:/home/piotrek/.m2/repository/org/sonatype/aether/aether-impl/1.7/aether-impl-1.7.jar:/home/piotrek/.m2/repository/org/sonatype/aether/aether-spi/1.7/aether-spi-1.7.jar:/home/piotrek/.m2/repository/org/sonatype/aether/aether-api/1.7/aether-api-1.7.jar:/home/piotrek/.m2/repository/org/sonatype/sisu/sisu-inject-plexus/1.4.2/sisu-inject-plexus-1.4.2.jar:/home/piotrek/.m2/repository/org/sonatype/sisu/sisu-inject-bean/1.4.2/sisu-inject-bean-1.4.2.jar:/home/piotrek/.m2/repository/org/sonatype/sisu/sisu-guice/2.1.7/sisu-guice-2.1.7-noaop.jar:/home/piotrek/.m2/repository/org/sonatype/plexus/plexus-sec-dispatcher/1.3/plexus-sec-dispatcher-1.3.jar:/home/piotrek/.m2/repository/org/sonatype/plexus/plexus-cipher/1.4/plexus-cipher-1.4.jar:/home/piotrek/.m2/repository/org/apache/maven/maven-model/3.0/maven-model-3.0.jar:/home/piotrek/.m2/repository/org/apache/maven/maven-settings/3.0/maven-settings-3.0.jar:/home/piotrek/.m2/repository/org/apache/maven/maven-settings-builder/3.0/maven-settings-builder-3.0.jar:/home/piotrek/.m2/repository/org/apache/maven/maven-archiver/2.4.2/maven-archiver-2.4.2.jar:/home/piotrek/.m2/repository/org/apache/maven/doxia/doxia-sink-api/1.4/doxia-sink-api-1.4.jar:/home/piotrek/.m2/repository/org/apache/maven/doxia/doxia-logging-api/1.4/doxia-logging-api-1.4.jar:/home/piotrek/.m2/repository/org/codehaus/plexus/plexus-container-default/1.0-alpha-30/plexus-container-default-1.0-alpha-30.jar:/home/piotrek/.m2/repository/org/apache/maven/doxia/doxia-core/1.4/doxia-core-1.4.jar:/home/piotrek/.m2/repository/xerces/xercesImpl/2.9.1/xercesImpl-2.9.1.jar:/home/piotrek/.m2/repository/xml-apis/xml-apis/1.3.04/xml-apis-1.3.04.jar:/home/piotrek/.m2/repository/org/apache/httpcomponents/httpclient/4.5.13/httpclient-4.5.13.jar:/home/piotrek/.m2/repository/org/apache/httpcomponents/httpcore/4.4.14/httpcore-4.4.14.jar:/home/piotrek/.m2/repository/org/apache/maven/doxia/doxia-module-xhtml/1.4/doxia-module-xhtml-1.4.jar:/home/piotrek/.m2/repository/org/apache/maven/doxia/doxia-module-apt/1.4/doxia-module-apt-1.4.jar:/home/piotrek/.m2/repository/org/apache/maven/doxia/doxia-module-xdoc/1.4/doxia-module-xdoc-1.4.jar:/home/piotrek/.m2/repository/org/apache/maven/doxia/doxia-module-fml/1.4/doxia-module-fml-1.4.jar:/home/piotrek/.m2/repository/org/apache/maven/doxia/doxia-module-markdown/1.4/doxia-module-markdown-1.4.jar:/home/piotrek/.m2/repository/org/pegdown/pegdown/1.2.1/pegdown-1.2.1.jar:/home/piotrek/.m2/repository/org/parboiled/parboiled-java/1.1.4/parboiled-java-1.1.4.jar:/home/piotrek/.m2/repository/org/parboiled/parboiled-core/1.1.4/parboiled-core-1.1.4.jar:/home/piotrek/.m2/repository/org/ow2/asm/asm-tree/4.1/asm-tree-4.1.jar:/home/piotrek/.m2/repository/org/ow2/asm/asm-analysis/4.1/asm-analysis-4.1.jar:/home/piotrek/.m2/repository/org/ow2/asm/asm-util/4.1/asm-util-4.1.jar:/home/piotrek/.m2/repository/javax/servlet/servlet-api/2.5/servlet-api-2.5.jar:/home/piotrek/.m2/repository/org/apache/maven/doxia/doxia-decoration-model/1.4/doxia-decoration-model-1.4.jar:/home/piotrek/.m2/repository/org/apache/maven/doxia/doxia-site-renderer/1.4/doxia-site-renderer-1.4.jar:/home/piotrek/.m2/repository/org/apache/velocity/velocity-tools/2.0/velocity-tools-2.0.jar:/home/piotrek/.m2/repository/commons-beanutils/commons-beanutils/1.7.0/commons-beanutils-1.7.0.jar:/home/piotrek/.m2/repository/commons-digester/commons-digester/1.8/commons-digester-1.8.jar:/home/piotrek/.m2/repository/commons-chain/commons-chain/1.1/commons-chain-1.1.jar:/home/piotrek/.m2/repository/commons-logging/commons-logging/1.1/commons-logging-1.1.jar:/home/piotrek/.m2/repository/commons-validator/commons-validator/1.3.1/commons-validator-1.3.1.jar:/home/piotrek/.m2/repository/dom4j/dom4j/1.1/dom4j-1.1.jar:/home/piotrek/.m2/repository/sslext/sslext/1.2-0/sslext-1.2-0.jar:/home/piotrek/.m2/repository/org/apache/struts/struts-core/1.3.8/struts-core-1.3.8.jar:/home/piotrek/.m2/repository/org/apache/struts/struts-taglib/1.3.8/struts-taglib-1.3.8.jar:/home/piotrek/.m2/repository/org/apache/struts/struts-tiles/1.3.8/struts-tiles-1.3.8.jar:/home/piotrek/.m2/repository/commons-collections/commons-collections/3.2.1/commons-collections-3.2.1.jar:/home/piotrek/.m2/repository/org/apache/maven/doxia/doxia-integration-tools/1.5/doxia-integration-tools-1.5.jar:/home/piotrek/.m2/repository/org/apache/maven/wagon/wagon-provider-api/1.0/wagon-provider-api-1.0.jar:/home/piotrek/.m2/repository/org/codehaus/plexus/plexus-archiver/1.0/plexus-archiver-1.0.jar:/home/piotrek/.m2/repository/org/codehaus/plexus/plexus-io/1.0/plexus-io-1.0.jar:/home/piotrek/.m2/repository/org/codehaus/plexus/plexus-i18n/1.0-beta-7/plexus-i18n-1.0-beta-7.jar:/home/piotrek/.m2/repository/org/apache/velocity/velocity/1.5/velocity-1.5.jar:/home/piotrek/.m2/repository/oro/oro/2.0.8/oro-2.0.8.jar:/home/piotrek/.m2/repository/org/codehaus/plexus/plexus-velocity/1.1.8/plexus-velocity-1.1.8.jar:/home/piotrek/.m2/repository/org/codehaus/plexus/plexus-utils/1.5.10/plexus-utils-1.5.10.jar:/home/piotrek/.m2/repository/org/mortbay/jetty/jetty/6.1.25/jetty-6.1.25.jar:/home/piotrek/.m2/repository/org/mortbay/jetty/servlet-api/2.5-20081211/servlet-api-2.5-20081211.jar:/home/piotrek/.m2/repository/org/mortbay/jetty/jetty-util/6.1.25/jetty-util-6.1.25.jar:/home/piotrek/.m2/repository/commons-lang/commons-lang/2.5/commons-lang-2.5.jar:/home/piotrek/.m2/repository/commons-io/commons-io/1.4/commons-io-1.4.jar:/home/piotrek/.m2/repository/org/apache/maven/plugins/maven-deploy-plugin/2.8.2/maven-deploy-plugin-2.8.2.jar:/home/piotrek/.m2/repository/org/apache/maven/maven-project/2.2.1/maven-project-2.2.1.jar:/home/piotrek/.m2/repository/org/apache/maven/maven-profile/2.2.1/maven-profile-2.2.1.jar:/home/piotrek/.m2/repository/org/apache/maven/maven-plugin-registry/2.2.1/maven-plugin-registry-2.2.1.jar:/home/piotrek/.m2/repository/org/apache/maven/maven-artifact/2.2.1/maven-artifact-2.2.1.jar:/home/piotrek/.m2/repository/org/apache/maven/plugins/maven-install-plugin/2.5.2/maven-install-plugin-2.5.2.jar:/home/piotrek/.m2/repository/org/apache/maven/maven-artifact-manager/2.2.1/maven-artifact-manager-2.2.1.jar:/home/piotrek/.m2/repository/backport-util-concurrent/backport-util-concurrent/3.1/backport-util-concurrent-3.1.jar:/home/piotrek/.m2/repository/commons-codec/commons-codec/1.15/commons-codec-1.15.jar:/home/piotrek/.m2/repository/org/apache/maven/shared/maven-shared-utils/0.4/maven-shared-utils-0.4.jar:/home/piotrek/.m2/repository/com/google/code/findbugs/jsr305/2.0.1/jsr305-2.0.1.jar:/home/piotrek/.m2/repository/org/apache/maven/plugins/maven-surefire-plugin/2.22.2/maven-surefire-plugin-2.22.2.jar:/home/piotrek/.m2/repository/org/apache/maven/surefire/maven-surefire-common/2.22.2/maven-surefire-common-2.22.2.jar:/home/piotrek/.m2/repository/org/apache/maven/plugin-tools/maven-plugin-annotations/3.5.2/maven-plugin-annotations-3.5.2.jar:/home/piotrek/.m2/repository/org/apache/maven/surefire/surefire-api/2.22.2/surefire-api-2.22.2.jar:/home/piotrek/.m2/repository/org/apache/maven/surefire/surefire-logger-api/2.22.2/surefire-logger-api-2.22.2.jar:/home/piotrek/.m2/repository/org/apache/maven/surefire/surefire-booter/2.22.2/surefire-booter-2.22.2.jar:/home/piotrek/.m2/repository/org/apache/maven/maven-plugin-descriptor/2.2.1/maven-plugin-descriptor-2.2.1.jar:/home/piotrek/.m2/repository/org/apache/maven/maven-toolchain/2.2.1/maven-toolchain-2.2.1.jar:/home/piotrek/.m2/repository/org/apache/maven/plugins/maven-compiler-plugin/3.8.1/maven-compiler-plugin-3.8.1.jar:/home/piotrek/.m2/repository/org/apache/maven/shared/maven-shared-incremental/1.1/maven-shared-incremental-1.1.jar:/home/piotrek/.m2/repository/org/codehaus/plexus/plexus-java/0.9.10/plexus-java-0.9.10.jar:/home/piotrek/.m2/repository/org/ow2/asm/asm/6.2/asm-6.2.jar:/home/piotrek/.m2/repository/com/thoughtworks/qdox/qdox/2.0-M8/qdox-2.0-M8.jar:/home/piotrek/.m2/repository/org/codehaus/plexus/plexus-compiler-api/2.8.4/plexus-compiler-api-2.8.4.jar:/home/piotrek/.m2/repository/org/codehaus/plexus/plexus-compiler-manager/2.8.4/plexus-compiler-manager-2.8.4.jar:/home/piotrek/.m2/repository/org/codehaus/plexus/plexus-compiler-javac/2.8.4/plexus-compiler-javac-2.8.4.jar:/home/piotrek/.m2/repository/org/apache/maven/maven-plugin-api/3.8.1/maven-plugin-api-3.8.1.jar:/home/piotrek/.m2/repository/org/eclipse/sisu/org.eclipse.sisu.plexus/0.3.4/org.eclipse.sisu.plexus-0.3.4.jar:/home/piotrek/.m2/repository/javax/enterprise/cdi-api/1.0/cdi-api-1.0.jar:/home/piotrek/.m2/repository/javax/annotation/jsr250-api/1.0/jsr250-api-1.0.jar:/home/piotrek/.m2/repository/javax/inject/javax.inject/1/javax.inject-1.jar:/home/piotrek/.m2/repository/org/eclipse/sisu/org.eclipse.sisu.inject/0.3.4/org.eclipse.sisu.inject-0.3.4.jar:/home/piotrek/.m2/repository/org/codehaus/plexus/plexus-classworlds/2.6.0/plexus-classworlds-2.6.0.jar:/home/piotrek/.m2/repository/org/apache/maven/plugins/maven-jar-plugin/3.2.0/maven-jar-plugin-3.2.0.jar:/home/piotrek/.m2/repository/org/apache/maven/shared/file-management/3.0.0/file-management-3.0.0.jar:/home/piotrek/.m2/repository/org/apache/maven/shared/maven-shared-io/3.0.0/maven-shared-io-3.0.0.jar:/home/piotrek/.m2/repository/org/apache/maven/maven-compat/3.0/maven-compat-3.0.jar:/home/piotrek/.m2/repository/org/apache/maven/plugins/maven-resources-plugin/3.2.0/maven-resources-plugin-3.2.0.jar:/home/piotrek/.m2/repository/org/codehaus/plexus/plexus-component-annotations/2.0.0/plexus-component-annotations-2.0.0.jar:/home/piotrek/.m2/repository/org/codehaus/plexus/plexus-interpolation/1.26/plexus-interpolation-1.26.jar:/home/piotrek/.m2/repository/org/apache/maven/shared/maven-filtering/3.2.0/maven-filtering-3.2.0.jar:/home/piotrek/.m2/repository/org/apache/commons/commons-lang3/3.11/commons-lang3-3.11.jar:/home/piotrek/.m2/repository/org/apache/maven/plugins/maven-clean-plugin/3.1.0/maven-clean-plugin-3.1.0.jar:/home/piotrek/.m2/repository/org/springframework/boot/spring-boot-maven-plugin/2.4.4/spring-boot-maven-plugin-2.4.4.jar:/home/piotrek/.m2/repository/org/springframework/boot/spring-boot-buildpack-platform/2.4.4/spring-boot-buildpack-platform-2.4.4.jar:/home/piotrek/.m2/repository/com/fasterxml/jackson/core/jackson-databind/2.11.4/jackson-databind-2.11.4.jar:/home/piotrek/.m2/repository/com/fasterxml/jackson/core/jackson-annotations/2.11.4/jackson-annotations-2.11.4.jar:/home/piotrek/.m2/repository/com/fasterxml/jackson/core/jackson-core/2.11.4/jackson-core-2.11.4.jar:/home/piotrek/.m2/repository/com/fasterxml/jackson/module/jackson-module-parameter-names/2.11.4/jackson-module-parameter-names-2.11.4.jar:/home/piotrek/.m2/repository/net/java/dev/jna/jna-platform/5.5.0/jna-platform-5.5.0.jar:/home/piotrek/.m2/repository/net/java/dev/jna/jna/5.5.0/jna-5.5.0.jar:/home/piotrek/.m2/repository/org/apache/commons/commons-compress/1.20/commons-compress-1.20.jar:/home/piotrek/.m2/repository/org/springframework/boot/spring-boot-loader-tools/2.4.4/spring-boot-loader-tools-2.4.4.jar:/home/piotrek/.m2/repository/org/apache/maven/shared/maven-common-artifact-filters/3.1.1/maven-common-artifact-filters-3.1.1.jar:/home/piotrek/.m2/repository/org/sonatype/plexus/plexus-build-api/0.0.7/plexus-build-api-0.0.7.jar:/home/piotrek/.m2/repository/org/springframework/boot/spring-boot-starter-thymeleaf/2.4.4/spring-boot-starter-thymeleaf-2.4.4.jar:/home/piotrek/.m2/repository/org/springframework/boot/spring-boot-starter/2.4.4/spring-boot-starter-2.4.4.jar:/home/piotrek/.m2/repository/org/springframework/boot/spring-boot/2.4.4/spring-boot-2.4.4.jar:/home/piotrek/.m2/repository/org/springframework/boot/spring-boot-autoconfigure/2.4.4/spring-boot-autoconfigure-2.4.4.jar:/home/piotrek/.m2/repository/org/springframework/boot/spring-boot-starter-logging/2.4.4/spring-boot-starter-logging-2.4.4.jar:/home/piotrek/.m2/repository/ch/qos/logback/logback-classic/1.2.3/logback-classic-1.2.3.jar:/home/piotrek/.m2/repository/ch/qos/logback/logback-core/1.2.3/logback-core-1.2.3.jar:/home/piotrek/.m2/repository/org/apache/logging/log4j/log4j-to-slf4j/2.13.3/log4j-to-slf4j-2.13.3.jar:/home/piotrek/.m2/repository/org/apache/logging/log4j/log4j-api/2.13.3/log4j-api-2.13.3.jar:/home/piotrek/.m2/repository/org/slf4j/jul-to-slf4j/1.7.30/jul-to-slf4j-1.7.30.jar:/home/piotrek/.m2/repository/jakarta/annotation/jakarta.annotation-api/1.3.5/jakarta.annotation-api-1.3.5.jar:/home/piotrek/.m2/repository/org/yaml/snakeyaml/1.27/snakeyaml-1.27.jar:/home/piotrek/.m2/repository/org/thymeleaf/thymeleaf-spring5/3.0.12.RELEASE/thymeleaf-spring5-3.0.12.RELEASE.jar:/home/piotrek/.m2/repository/org/thymeleaf/extras/thymeleaf-extras-java8time/3.0.4.RELEASE/thymeleaf-extras-java8time-3.0.4.RELEASE.jar:/home/piotrek/.m2/repository/org/springframework/boot/spring-boot-starter-web/2.4.4/spring-boot-starter-web-2.4.4.jar:/home/piotrek/.m2/repository/org/springframework/boot/spring-boot-starter-json/2.4.4/spring-boot-starter-json-2.4.4.jar:/home/piotrek/.m2/repository/com/fasterxml/jackson/datatype/jackson-datatype-jdk8/2.11.4/jackson-datatype-jdk8-2.11.4.jar:/home/piotrek/.m2/repository/com/fasterxml/jackson/datatype/jackson-datatype-jsr310/2.11.4/jackson-datatype-jsr310-2.11.4.jar:/home/piotrek/.m2/repository/org/springframework/boot/spring-boot-starter-tomcat/2.4.4/spring-boot-starter-tomcat-2.4.4.jar:/home/piotrek/.m2/repository/org/apache/tomcat/embed/tomcat-embed-core/9.0.44/tomcat-embed-core-9.0.44.jar:/home/piotrek/.m2/repository/org/glassfish/jakarta.el/3.0.3/jakarta.el-3.0.3.jar:/home/piotrek/.m2/repository/org/apache/tomcat/embed/tomcat-embed-websocket/9.0.44/tomcat-embed-websocket-9.0.44.jar:/home/piotrek/.m2/repository/org/springframework/spring-web/5.3.5/spring-web-5.3.5.jar:/home/piotrek/.m2/repository/org/springframework/spring-webmvc/5.3.5/spring-webmvc-5.3.5.jar:/home/piotrek/.m2/repository/org/springframework/spring-expression/5.3.5/spring-expression-5.3.5.jar:/home/piotrek/.m2/repository/org/springframework/boot/spring-boot-starter-security/2.3.3.RELEASE/spring-boot-starter-security-2.3.3.RELEASE.jar:/home/piotrek/.m2/repository/org/springframework/spring-aop/5.3.5/spring-aop-5.3.5.jar:/home/piotrek/.m2/repository/org/springframework/security/spring-security-config/5.4.5/spring-security-config-5.4.5.jar:/home/piotrek/.m2/repository/org/springframework/security/spring-security-core/5.4.5/spring-security-core-5.4.5.jar:/home/piotrek/.m2/repository/org/springframework/security/spring-security-web/5.4.5/spring-security-web-5.4.5.jar:/home/piotrek/.m2/repository/mysql/mysql-connector-java/8.0.23/mysql-connector-java-8.0.23.jar:/home/piotrek/.m2/repository/org/mariadb/jdbc/mariadb-java-client/2.7.2/mariadb-java-client-2.7.2.jar:/home/piotrek/.m2/repository/org/springframework/boot/spring-boot-starter-test/2.4.4/spring-boot-starter-test-2.4.4.jar:/home/piotrek/.m2/repository/org/springframework/boot/spring-boot-test/2.4.4/spring-boot-test-2.4.4.jar:/home/piotrek/.m2/repository/org/springframework/boot/spring-boot-test-autoconfigure/2.4.4/spring-boot-test-autoconfigure-2.4.4.jar:/home/piotrek/.m2/repository/com/jayway/jsonpath/json-path/2.4.0/json-path-2.4.0.jar:/home/piotrek/.m2/repository/net/minidev/json-smart/2.3/json-smart-2.3.jar:/home/piotrek/.m2/repository/net/minidev/accessors-smart/1.2/accessors-smart-1.2.jar:/home/piotrek/.m2/repository/jakarta/xml/bind/jakarta.xml.bind-api/2.3.3/jakarta.xml.bind-api-2.3.3.jar:/home/piotrek/.m2/repository/jakarta/activation/jakarta.activation-api/1.2.2/jakarta.activation-api-1.2.2.jar:/home/piotrek/.m2/repository/org/assertj/assertj-core/3.18.1/assertj-core-3.18.1.jar:/home/piotrek/.m2/repository/org/hamcrest/hamcrest/2.2/hamcrest-2.2.jar:/home/piotrek/.m2/repository/org/junit/jupiter/junit-jupiter/5.7.1/junit-jupiter-5.7.1.jar:/home/piotrek/.m2/repository/org/junit/jupiter/junit-jupiter-api/5.7.1/junit-jupiter-api-5.7.1.jar:/home/piotrek/.m2/repository/org/junit/jupiter/junit-jupiter-params/5.7.1/junit-jupiter-params-5.7.1.jar:/home/piotrek/.m2/repository/org/junit/jupiter/junit-jupiter-engine/5.7.1/junit-jupiter-engine-5.7.1.jar:/home/piotrek/.m2/repository/org/mockito/mockito-core/3.6.28/mockito-core-3.6.28.jar:/home/piotrek/.m2/repository/net/bytebuddy/byte-buddy/1.10.22/byte-buddy-1.10.22.jar:/home/piotrek/.m2/repository/net/bytebuddy/byte-buddy-agent/1.10.22/byte-buddy-agent-1.10.22.jar:/home/piotrek/.m2/repository/org/objenesis/objenesis/3.1/objenesis-3.1.jar:/home/piotrek/.m2/repository/org/mockito/mockito-junit-jupiter/3.6.28/mockito-junit-jupiter-3.6.28.jar:/home/piotrek/.m2/repository/org/skyscreamer/jsonassert/1.5.0/jsonassert-1.5.0.jar:/home/piotrek/.m2/repository/com/vaadin/external/google/android-json/0.0.20131108.vaadin1/android-json-0.0.20131108.vaadin1.jar:/home/piotrek/.m2/repository/org/springframework/spring-core/5.3.5/spring-core-5.3.5.jar:/home/piotrek/.m2/repository/org/springframework/spring-jcl/5.3.5/spring-jcl-5.3.5.jar:/home/piotrek/.m2/repository/org/springframework/spring-test/5.3.5/spring-test-5.3.5.jar:/home/piotrek/.m2/repository/org/xmlunit/xmlunit-core/2.7.0/xmlunit-core-2.7.0.jar:/home/piotrek/.m2/repository/org/springframework/spring-beans/5.3.5/spring-beans-5.3.5.jar:/home/piotrek/.m2/repository/org/springframework/boot/spring-boot-starter-data-jpa/2.4.4/spring-boot-starter-data-jpa-2.4.4.jar:/home/piotrek/.m2/repository/org/springframework/boot/spring-boot-starter-aop/2.4.4/spring-boot-starter-aop-2.4.4.jar:/home/piotrek/.m2/repository/org/aspectj/aspectjweaver/1.9.6/aspectjweaver-1.9.6.jar:/home/piotrek/.m2/repository/org/springframework/boot/spring-boot-starter-jdbc/2.4.4/spring-boot-starter-jdbc-2.4.4.jar:/home/piotrek/.m2/repository/com/zaxxer/HikariCP/3.4.5/HikariCP-3.4.5.jar:/home/piotrek/.m2/repository/org/springframework/spring-jdbc/5.3.5/spring-jdbc-5.3.5.jar:/home/piotrek/.m2/repository/jakarta/transaction/jakarta.transaction-api/1.3.3/jakarta.transaction-api-1.3.3.jar:/home/piotrek/.m2/repository/jakarta/persistence/jakarta.persistence-api/2.2.3/jakarta.persistence-api-2.2.3.jar:/home/piotrek/.m2/repository/org/hibernate/hibernate-core/5.4.29.Final/hibernate-core-5.4.29.Final.jar:/home/piotrek/.m2/repository/org/jboss/logging/jboss-logging/3.4.1.Final/jboss-logging-3.4.1.Final.jar:/home/piotrek/.m2/repository/org/javassist/javassist/3.27.0-GA/javassist-3.27.0-GA.jar:/home/piotrek/.m2/repository/antlr/antlr/2.7.7/antlr-2.7.7.jar:/home/piotrek/.m2/repository/org/jboss/jandex/2.2.3.Final/jandex-2.2.3.Final.jar:/home/piotrek/.m2/repository/com/fasterxml/classmate/1.5.1/classmate-1.5.1.jar:/home/piotrek/.m2/repository/org/dom4j/dom4j/2.1.3/dom4j-2.1.3.jar:/home/piotrek/.m2/repository/org/hibernate/common/hibernate-commons-annotations/5.1.2.Final/hibernate-commons-annotations-5.1.2.Final.jar:/home/piotrek/.m2/repository/org/glassfish/jaxb/jaxb-runtime/2.3.3/jaxb-runtime-2.3.3.jar:/home/piotrek/.m2/repository/org/glassfish/jaxb/txw2/2.3.3/txw2-2.3.3.jar:/home/piotrek/.m2/repository/com/sun/istack/istack-commons-runtime/3.0.11/istack-commons-runtime-3.0.11.jar:/home/piotrek/.m2/repository/org/springframework/data/spring-data-jpa/2.4.6/spring-data-jpa-2.4.6.jar:/home/piotrek/.m2/repository/org/springframework/data/spring-data-commons/2.4.6/spring-data-commons-2.4.6.jar:/home/piotrek/.m2/repository/org/springframework/spring-orm/5.3.5/spring-orm-5.3.5.jar:/home/piotrek/.m2/repository/org/springframework/spring-tx/5.3.5/spring-tx-5.3.5.jar:/home/piotrek/.m2/repository/org/springframework/spring-aspects/5.3.5/spring-aspects-5.3.5.jar:/home/piotrek/.m2/repository/org/springframework/boot/spring-boot-configuration-processor/2.4.4/spring-boot-configuration-processor-2.4.4.jar:/home/piotrek/.m2/repository/javax/servlet/javax.servlet-api/4.0.1/javax.servlet-api-4.0.1.jar:/home/piotrek/.m2/repository/com/h2database/h2/1.3.156/h2-1.3.156.jar:/home/piotrek/.m2/repository/com/microsoft/sqlserver/mssql-jdbc/9.2.1.jre15/mssql-jdbc-9.2.1.jre15.jar:/home/piotrek/.m2/repository/org/thymeleaf/thymeleaf/3.0.12.RELEASE/thymeleaf-3.0.12.RELEASE.jar:/home/piotrek/.m2/repository/ognl/ognl/3.1.26/ognl-3.1.26.jar:/home/piotrek/.m2/repository/org/attoparser/attoparser/2.0.5.RELEASE/attoparser-2.0.5.RELEASE.jar:/home/piotrek/.m2/repository/org/unbescape/unbescape/1.1.6.RELEASE/unbescape-1.1.6.RELEASE.jar:/home/piotrek/.m2/repository/org/slf4j/slf4j-api/1.7.30/slf4j-api-1.7.30.jar:/home/piotrek/.m2/repository/org/springframework/boot/spring-boot-starter-mail/2.4.5/spring-boot-starter-mail-2.4.5.jar:/home/piotrek/.m2/repository/com/sun/mail/jakarta.mail/1.6.6/jakarta.mail-1.6.6.jar:/home/piotrek/.m2/repository/com/sun/activation/jakarta.activation/1.2.2/jakarta.activation-1.2.2.jar:/home/piotrek/.m2/repository/org/springframework/spring-context-support/5.3.6/spring-context-support-5.3.6.jar:/home/piotrek/.m2/repository/org/springframework/spring-context/5.3.5/spring-context-5.3.5.jar:/home/piotrek/.m2/repository/org/junit/vintage/junit-vintage-engine/5.7.1/junit-vintage-engine-5.7.1.jar:/home/piotrek/.m2/repository/org/apiguardian/apiguardian-api/1.1.0/apiguardian-api-1.1.0.jar:/home/piotrek/.m2/repository/org/junit/platform/junit-platform-engine/1.7.1/junit-platform-engine-1.7.1.jar:/home/piotrek/.m2/repository/org/opentest4j/opentest4j/1.2.0/opentest4j-1.2.0.jar:/home/piotrek/.m2/repository/org/junit/platform/junit-platform-commons/1.7.1/junit-platform-commons-1.7.1.jar:/home/piotrek/.m2/repository/junit/junit/4.13.2/junit-4.13.2.jar:"/>
    <property name="java.vm.vendor" value="Oracle Corporation"/>
    <property name="sun.arch.data.model" value="64"/>
    <property name="java.vendor.url" value="https://java.oracle.com/"/>
    <property name="os.name" value="Linux"/>
    <property name="java.vm.specification.version" value="16"/>
    <property name="sun.java.launcher" value="SUN_STANDARD"/>
    <property name="user.country" value="PL"/>
    <property name="sun.boot.library.path" value="/home/piotrek/.jdks/openjdk-16/lib"/>
    <property name="sun.java.command" value="/home/piotrek/Restaurant_Project/project/target/surefire/surefirebooter15675363509449603880.jar /home/piotrek/Restaurant_Project/project/target/surefire 2021-05-09T21-43-07_605-jvmRun1 surefire15483972537523329747tmp surefire_018286502428676957530tmp"/>
    <property name="jdk.debug" value="release"/>
    <property name="surefire.test.class.path" value="/home/piotrek/Restaurant_Project/project/target/test-classes:/home/piotrek/Restaurant_Project/project/target/classes:/home/piotrek/.m2/repository/org/apache/maven/plugins/maven-site-plugin/3.3/maven-site-plugin-3.3.jar:/home/piotrek/.m2/repository/org/apache/maven/reporting/maven-reporting-exec/1.1/maven-reporting-exec-1.1.jar:/home/piotrek/.m2/repository/org/apache/maven/reporting/maven-reporting-api/3.0/maven-reporting-api-3.0.jar:/home/piotrek/.m2/repository/org/sonatype/aether/aether-util/1.7/aether-util-1.7.jar:/home/piotrek/.m2/repository/org/eclipse/aether/aether-util/0.9.0.M2/aether-util-0.9.0.M2.jar:/home/piotrek/.m2/repository/org/apache/maven/maven-core/3.0/maven-core-3.0.jar:/home/piotrek/.m2/repository/org/apache/maven/maven-repository-metadata/3.0/maven-repository-metadata-3.0.jar:/home/piotrek/.m2/repository/org/apache/maven/maven-model-builder/3.0/maven-model-builder-3.0.jar:/home/piotrek/.m2/repository/org/apache/maven/maven-aether-provider/3.0/maven-aether-provider-3.0.jar:/home/piotrek/.m2/repository/org/sonatype/aether/aether-impl/1.7/aether-impl-1.7.jar:/home/piotrek/.m2/repository/org/sonatype/aether/aether-spi/1.7/aether-spi-1.7.jar:/home/piotrek/.m2/repository/org/sonatype/aether/aether-api/1.7/aether-api-1.7.jar:/home/piotrek/.m2/repository/org/sonatype/sisu/sisu-inject-plexus/1.4.2/sisu-inject-plexus-1.4.2.jar:/home/piotrek/.m2/repository/org/sonatype/sisu/sisu-inject-bean/1.4.2/sisu-inject-bean-1.4.2.jar:/home/piotrek/.m2/repository/org/sonatype/sisu/sisu-guice/2.1.7/sisu-guice-2.1.7-noaop.jar:/home/piotrek/.m2/repository/org/sonatype/plexus/plexus-sec-dispatcher/1.3/plexus-sec-dispatcher-1.3.jar:/home/piotrek/.m2/repository/org/sonatype/plexus/plexus-cipher/1.4/plexus-cipher-1.4.jar:/home/piotrek/.m2/repository/org/apache/maven/maven-model/3.0/maven-model-3.0.jar:/home/piotrek/.m2/repository/org/apache/maven/maven-settings/3.0/maven-settings-3.0.jar:/home/piotrek/.m2/repository/org/apache/maven/maven-settings-builder/3.0/maven-settings-builder-3.0.jar:/home/piotrek/.m2/repository/org/apache/maven/maven-archiver/2.4.2/maven-archiver-2.4.2.jar:/home/piotrek/.m2/repository/org/apache/maven/doxia/doxia-sink-api/1.4/doxia-sink-api-1.4.jar:/home/piotrek/.m2/repository/org/apache/maven/doxia/doxia-logging-api/1.4/doxia-logging-api-1.4.jar:/home/piotrek/.m2/repository/org/codehaus/plexus/plexus-container-default/1.0-alpha-30/plexus-container-default-1.0-alpha-30.jar:/home/piotrek/.m2/repository/org/apache/maven/doxia/doxia-core/1.4/doxia-core-1.4.jar:/home/piotrek/.m2/repository/xerces/xercesImpl/2.9.1/xercesImpl-2.9.1.jar:/home/piotrek/.m2/repository/xml-apis/xml-apis/1.3.04/xml-apis-1.3.04.jar:/home/piotrek/.m2/repository/org/apache/httpcomponents/httpclient/4.5.13/httpclient-4.5.13.jar:/home/piotrek/.m2/repository/org/apache/httpcomponents/httpcore/4.4.14/httpcore-4.4.14.jar:/home/piotrek/.m2/repository/org/apache/maven/doxia/doxia-module-xhtml/1.4/doxia-module-xhtml-1.4.jar:/home/piotrek/.m2/repository/org/apache/maven/doxia/doxia-module-apt/1.4/doxia-module-apt-1.4.jar:/home/piotrek/.m2/repository/org/apache/maven/doxia/doxia-module-xdoc/1.4/doxia-module-xdoc-1.4.jar:/home/piotrek/.m2/repository/org/apache/maven/doxia/doxia-module-fml/1.4/doxia-module-fml-1.4.jar:/home/piotrek/.m2/repository/org/apache/maven/doxia/doxia-module-markdown/1.4/doxia-module-markdown-1.4.jar:/home/piotrek/.m2/repository/org/pegdown/pegdown/1.2.1/pegdown-1.2.1.jar:/home/piotrek/.m2/repository/org/parboiled/parboiled-java/1.1.4/parboiled-java-1.1.4.jar:/home/piotrek/.m2/repository/org/parboiled/parboiled-core/1.1.4/parboiled-core-1.1.4.jar:/home/piotrek/.m2/repository/org/ow2/asm/asm-tree/4.1/asm-tree-4.1.jar:/home/piotrek/.m2/repository/org/ow2/asm/asm-analysis/4.1/asm-analysis-4.1.jar:/home/piotrek/.m2/repository/org/ow2/asm/asm-util/4.1/asm-util-4.1.jar:/home/piotrek/.m2/repository/javax/servlet/servlet-api/2.5/servlet-api-2.5.jar:/home/piotrek/.m2/repository/org/apache/maven/doxia/doxia-decoration-model/1.4/doxia-decoration-model-1.4.jar:/home/piotrek/.m2/repository/org/apache/maven/doxia/doxia-site-renderer/1.4/doxia-site-renderer-1.4.jar:/home/piotrek/.m2/repository/org/apache/velocity/velocity-tools/2.0/velocity-tools-2.0.jar:/home/piotrek/.m2/repository/commons-beanutils/commons-beanutils/1.7.0/commons-beanutils-1.7.0.jar:/home/piotrek/.m2/repository/commons-digester/commons-digester/1.8/commons-digester-1.8.jar:/home/piotrek/.m2/repository/commons-chain/commons-chain/1.1/commons-chain-1.1.jar:/home/piotrek/.m2/repository/commons-logging/commons-logging/1.1/commons-logging-1.1.jar:/home/piotrek/.m2/repository/commons-validator/commons-validator/1.3.1/commons-validator-1.3.1.jar:/home/piotrek/.m2/repository/dom4j/dom4j/1.1/dom4j-1.1.jar:/home/piotrek/.m2/repository/sslext/sslext/1.2-0/sslext-1.2-0.jar:/home/piotrek/.m2/repository/org/apache/struts/struts-core/1.3.8/struts-core-1.3.8.jar:/home/piotrek/.m2/repository/org/apache/struts/struts-taglib/1.3.8/struts-taglib-1.3.8.jar:/home/piotrek/.m2/repository/org/apache/struts/struts-tiles/1.3.8/struts-tiles-1.3.8.jar:/home/piotrek/.m2/repository/commons-collections/commons-collections/3.2.1/commons-collections-3.2.1.jar:/home/piotrek/.m2/repository/org/apache/maven/doxia/doxia-integration-tools/1.5/doxia-integration-tools-1.5.jar:/home/piotrek/.m2/repository/org/apache/maven/wagon/wagon-provider-api/1.0/wagon-provider-api-1.0.jar:/home/piotrek/.m2/repository/org/codehaus/plexus/plexus-archiver/1.0/plexus-archiver-1.0.jar:/home/piotrek/.m2/repository/org/codehaus/plexus/plexus-io/1.0/plexus-io-1.0.jar:/home/piotrek/.m2/repository/org/codehaus/plexus/plexus-i18n/1.0-beta-7/plexus-i18n-1.0-beta-7.jar:/home/piotrek/.m2/repository/org/apache/velocity/velocity/1.5/velocity-1.5.jar:/home/piotrek/.m2/repository/oro/oro/2.0.8/oro-2.0.8.jar:/home/piotrek/.m2/repository/org/codehaus/plexus/plexus-velocity/1.1.8/plexus-velocity-1.1.8.jar:/home/piotrek/.m2/repository/org/codehaus/plexus/plexus-utils/1.5.10/plexus-utils-1.5.10.jar:/home/piotrek/.m2/repository/org/mortbay/jetty/jetty/6.1.25/jetty-6.1.25.jar:/home/piotrek/.m2/repository/org/mortbay/jetty/servlet-api/2.5-20081211/servlet-api-2.5-20081211.jar:/home/piotrek/.m2/repository/org/mortbay/jetty/jetty-util/6.1.25/jetty-util-6.1.25.jar:/home/piotrek/.m2/repository/commons-lang/commons-lang/2.5/commons-lang-2.5.jar:/home/piotrek/.m2/repository/commons-io/commons-io/1.4/commons-io-1.4.jar:/home/piotrek/.m2/repository/org/apache/maven/plugins/maven-deploy-plugin/2.8.2/maven-deploy-plugin-2.8.2.jar:/home/piotrek/.m2/repository/org/apache/maven/maven-project/2.2.1/maven-project-2.2.1.jar:/home/piotrek/.m2/repository/org/apache/maven/maven-profile/2.2.1/maven-profile-2.2.1.jar:/home/piotrek/.m2/repository/org/apache/maven/maven-plugin-registry/2.2.1/maven-plugin-registry-2.2.1.jar:/home/piotrek/.m2/repository/org/apache/maven/maven-artifact/2.2.1/maven-artifact-2.2.1.jar:/home/piotrek/.m2/repository/org/apache/maven/plugins/maven-install-plugin/2.5.2/maven-install-plugin-2.5.2.jar:/home/piotrek/.m2/repository/org/apache/maven/maven-artifact-manager/2.2.1/maven-artifact-manager-2.2.1.jar:/home/piotrek/.m2/repository/backport-util-concurrent/backport-util-concurrent/3.1/backport-util-concurrent-3.1.jar:/home/piotrek/.m2/repository/commons-codec/commons-codec/1.15/commons-codec-1.15.jar:/home/piotrek/.m2/repository/org/apache/maven/shared/maven-shared-utils/0.4/maven-shared-utils-0.4.jar:/home/piotrek/.m2/repository/com/google/code/findbugs/jsr305/2.0.1/jsr305-2.0.1.jar:/home/piotrek/.m2/repository/org/apache/maven/plugins/maven-surefire-plugin/2.22.2/maven-surefire-plugin-2.22.2.jar:/home/piotrek/.m2/repository/org/apache/maven/surefire/maven-surefire-common/2.22.2/maven-surefire-common-2.22.2.jar:/home/piotrek/.m2/repository/org/apache/maven/plugin-tools/maven-plugin-annotations/3.5.2/maven-plugin-annotations-3.5.2.jar:/home/piotrek/.m2/repository/org/apache/maven/surefire/surefire-api/2.22.2/surefire-api-2.22.2.jar:/home/piotrek/.m2/repository/org/apache/maven/surefire/surefire-logger-api/2.22.2/surefire-logger-api-2.22.2.jar:/home/piotrek/.m2/repository/org/apache/maven/surefire/surefire-booter/2.22.2/surefire-booter-2.22.2.jar:/home/piotrek/.m2/repository/org/apache/maven/maven-plugin-descriptor/2.2.1/maven-plugin-descriptor-2.2.1.jar:/home/piotrek/.m2/repository/org/apache/maven/maven-toolchain/2.2.1/maven-toolchain-2.2.1.jar:/home/piotrek/.m2/repository/org/apache/maven/plugins/maven-compiler-plugin/3.8.1/maven-compiler-plugin-3.8.1.jar:/home/piotrek/.m2/repository/org/apache/maven/shared/maven-shared-incremental/1.1/maven-shared-incremental-1.1.jar:/home/piotrek/.m2/repository/org/codehaus/plexus/plexus-java/0.9.10/plexus-java-0.9.10.jar:/home/piotrek/.m2/repository/org/ow2/asm/asm/6.2/asm-6.2.jar:/home/piotrek/.m2/repository/com/thoughtworks/qdox/qdox/2.0-M8/qdox-2.0-M8.jar:/home/piotrek/.m2/repository/org/codehaus/plexus/plexus-compiler-api/2.8.4/plexus-compiler-api-2.8.4.jar:/home/piotrek/.m2/repository/org/codehaus/plexus/plexus-compiler-manager/2.8.4/plexus-compiler-manager-2.8.4.jar:/home/piotrek/.m2/repository/org/codehaus/plexus/plexus-compiler-javac/2.8.4/plexus-compiler-javac-2.8.4.jar:/home/piotrek/.m2/repository/org/apache/maven/maven-plugin-api/3.8.1/maven-plugin-api-3.8.1.jar:/home/piotrek/.m2/repository/org/eclipse/sisu/org.eclipse.sisu.plexus/0.3.4/org.eclipse.sisu.plexus-0.3.4.jar:/home/piotrek/.m2/repository/javax/enterprise/cdi-api/1.0/cdi-api-1.0.jar:/home/piotrek/.m2/repository/javax/annotation/jsr250-api/1.0/jsr250-api-1.0.jar:/home/piotrek/.m2/repository/javax/inject/javax.inject/1/javax.inject-1.jar:/home/piotrek/.m2/repository/org/eclipse/sisu/org.eclipse.sisu.inject/0.3.4/org.eclipse.sisu.inject-0.3.4.jar:/home/piotrek/.m2/repository/org/codehaus/plexus/plexus-classworlds/2.6.0/plexus-classworlds-2.6.0.jar:/home/piotrek/.m2/repository/org/apache/maven/plugins/maven-jar-plugin/3.2.0/maven-jar-plugin-3.2.0.jar:/home/piotrek/.m2/repository/org/apache/maven/shared/file-management/3.0.0/file-management-3.0.0.jar:/home/piotrek/.m2/repository/org/apache/maven/shared/maven-shared-io/3.0.0/maven-shared-io-3.0.0.jar:/home/piotrek/.m2/repository/org/apache/maven/maven-compat/3.0/maven-compat-3.0.jar:/home/piotrek/.m2/repository/org/apache/maven/plugins/maven-resources-plugin/3.2.0/maven-resources-plugin-3.2.0.jar:/home/piotrek/.m2/repository/org/codehaus/plexus/plexus-component-annotations/2.0.0/plexus-component-annotations-2.0.0.jar:/home/piotrek/.m2/repository/org/codehaus/plexus/plexus-interpolation/1.26/plexus-interpolation-1.26.jar:/home/piotrek/.m2/repository/org/apache/maven/shared/maven-filtering/3.2.0/maven-filtering-3.2.0.jar:/home/piotrek/.m2/repository/org/apache/commons/commons-lang3/3.11/commons-lang3-3.11.jar:/home/piotrek/.m2/repository/org/apache/maven/plugins/maven-clean-plugin/3.1.0/maven-clean-plugin-3.1.0.jar:/home/piotrek/.m2/repository/org/springframework/boot/spring-boot-maven-plugin/2.4.4/spring-boot-maven-plugin-2.4.4.jar:/home/piotrek/.m2/repository/org/springframework/boot/spring-boot-buildpack-platform/2.4.4/spring-boot-buildpack-platform-2.4.4.jar:/home/piotrek/.m2/repository/com/fasterxml/jackson/core/jackson-databind/2.11.4/jackson-databind-2.11.4.jar:/home/piotrek/.m2/repository/com/fasterxml/jackson/core/jackson-annotations/2.11.4/jackson-annotations-2.11.4.jar:/home/piotrek/.m2/repository/com/fasterxml/jackson/core/jackson-core/2.11.4/jackson-core-2.11.4.jar:/home/piotrek/.m2/repository/com/fasterxml/jackson/module/jackson-module-parameter-names/2.11.4/jackson-module-parameter-names-2.11.4.jar:/home/piotrek/.m2/repository/net/java/dev/jna/jna-platform/5.5.0/jna-platform-5.5.0.jar:/home/piotrek/.m2/repository/net/java/dev/jna/jna/5.5.0/jna-5.5.0.jar:/home/piotrek/.m2/repository/org/apache/commons/commons-compress/1.20/commons-compress-1.20.jar:/home/piotrek/.m2/repository/org/springframework/boot/spring-boot-loader-tools/2.4.4/spring-boot-loader-tools-2.4.4.jar:/home/piotrek/.m2/repository/org/apache/maven/shared/maven-common-artifact-filters/3.1.1/maven-common-artifact-filters-3.1.1.jar:/home/piotrek/.m2/repository/org/sonatype/plexus/plexus-build-api/0.0.7/plexus-build-api-0.0.7.jar:/home/piotrek/.m2/repository/org/springframework/boot/spring-boot-starter-thymeleaf/2.4.4/spring-boot-starter-thymeleaf-2.4.4.jar:/home/piotrek/.m2/repository/org/springframework/boot/spring-boot-starter/2.4.4/spring-boot-starter-2.4.4.jar:/home/piotrek/.m2/repository/org/springframework/boot/spring-boot/2.4.4/spring-boot-2.4.4.jar:/home/piotrek/.m2/repository/org/springframework/boot/spring-boot-autoconfigure/2.4.4/spring-boot-autoconfigure-2.4.4.jar:/home/piotrek/.m2/repository/org/springframework/boot/spring-boot-starter-logging/2.4.4/spring-boot-starter-logging-2.4.4.jar:/home/piotrek/.m2/repository/ch/qos/logback/logback-classic/1.2.3/logback-classic-1.2.3.jar:/home/piotrek/.m2/repository/ch/qos/logback/logback-core/1.2.3/logback-core-1.2.3.jar:/home/piotrek/.m2/repository/org/apache/logging/log4j/log4j-to-slf4j/2.13.3/log4j-to-slf4j-2.13.3.jar:/home/piotrek/.m2/repository/org/apache/logging/log4j/log4j-api/2.13.3/log4j-api-2.13.3.jar:/home/piotrek/.m2/repository/org/slf4j/jul-to-slf4j/1.7.30/jul-to-slf4j-1.7.30.jar:/home/piotrek/.m2/repository/jakarta/annotation/jakarta.annotation-api/1.3.5/jakarta.annotation-api-1.3.5.jar:/home/piotrek/.m2/repository/org/yaml/snakeyaml/1.27/snakeyaml-1.27.jar:/home/piotrek/.m2/repository/org/thymeleaf/thymeleaf-spring5/3.0.12.RELEASE/thymeleaf-spring5-3.0.12.RELEASE.jar:/home/piotrek/.m2/repository/org/thymeleaf/extras/thymeleaf-extras-java8time/3.0.4.RELEASE/thymeleaf-extras-java8time-3.0.4.RELEASE.jar:/home/piotrek/.m2/repository/org/springframework/boot/spring-boot-starter-web/2.4.4/spring-boot-starter-web-2.4.4.jar:/home/piotrek/.m2/repository/org/springframework/boot/spring-boot-starter-json/2.4.4/spring-boot-starter-json-2.4.4.jar:/home/piotrek/.m2/repository/com/fasterxml/jackson/datatype/jackson-datatype-jdk8/2.11.4/jackson-datatype-jdk8-2.11.4.jar:/home/piotrek/.m2/repository/com/fasterxml/jackson/datatype/jackson-datatype-jsr310/2.11.4/jackson-datatype-jsr310-2.11.4.jar:/home/piotrek/.m2/repository/org/springframework/boot/spring-boot-starter-tomcat/2.4.4/spring-boot-starter-tomcat-2.4.4.jar:/home/piotrek/.m2/repository/org/apache/tomcat/embed/tomcat-embed-core/9.0.44/tomcat-embed-core-9.0.44.jar:/home/piotrek/.m2/repository/org/glassfish/jakarta.el/3.0.3/jakarta.el-3.0.3.jar:/home/piotrek/.m2/repository/org/apache/tomcat/embed/tomcat-embed-websocket/9.0.44/tomcat-embed-websocket-9.0.44.jar:/home/piotrek/.m2/repository/org/springframework/spring-web/5.3.5/spring-web-5.3.5.jar:/home/piotrek/.m2/repository/org/springframework/spring-webmvc/5.3.5/spring-webmvc-5.3.5.jar:/home/piotrek/.m2/repository/org/springframework/spring-expression/5.3.5/spring-expression-5.3.5.jar:/home/piotrek/.m2/repository/org/springframework/boot/spring-boot-starter-security/2.3.3.RELEASE/spring-boot-starter-security-2.3.3.RELEASE.jar:/home/piotrek/.m2/repository/org/springframework/spring-aop/5.3.5/spring-aop-5.3.5.jar:/home/piotrek/.m2/repository/org/springframework/security/spring-security-config/5.4.5/spring-security-config-5.4.5.jar:/home/piotrek/.m2/repository/org/springframework/security/spring-security-core/5.4.5/spring-security-core-5.4.5.jar:/home/piotrek/.m2/repository/org/springframework/security/spring-security-web/5.4.5/spring-security-web-5.4.5.jar:/home/piotrek/.m2/repository/mysql/mysql-connector-java/8.0.23/mysql-connector-java-8.0.23.jar:/home/piotrek/.m2/repository/org/mariadb/jdbc/mariadb-java-client/2.7.2/mariadb-java-client-2.7.2.jar:/home/piotrek/.m2/repository/org/springframework/boot/spring-boot-starter-test/2.4.4/spring-boot-starter-test-2.4.4.jar:/home/piotrek/.m2/repository/org/springframework/boot/spring-boot-test/2.4.4/spring-boot-test-2.4.4.jar:/home/piotrek/.m2/repository/org/springframework/boot/spring-boot-test-autoconfigure/2.4.4/spring-boot-test-autoconfigure-2.4.4.jar:/home/piotrek/.m2/repository/com/jayway/jsonpath/json-path/2.4.0/json-path-2.4.0.jar:/home/piotrek/.m2/repository/net/minidev/json-smart/2.3/json-smart-2.3.jar:/home/piotrek/.m2/repository/net/minidev/accessors-smart/1.2/accessors-smart-1.2.jar:/home/piotrek/.m2/repository/jakarta/xml/bind/jakarta.xml.bind-api/2.3.3/jakarta.xml.bind-api-2.3.3.jar:/home/piotrek/.m2/repository/jakarta/activation/jakarta.activation-api/1.2.2/jakarta.activation-api-1.2.2.jar:/home/piotrek/.m2/repository/org/assertj/assertj-core/3.18.1/assertj-core-3.18.1.jar:/home/piotrek/.m2/repository/org/hamcrest/hamcrest/2.2/hamcrest-2.2.jar:/home/piotrek/.m2/repository/org/junit/jupiter/junit-jupiter/5.7.1/junit-jupiter-5.7.1.jar:/home/piotrek/.m2/repository/org/junit/jupiter/junit-jupiter-api/5.7.1/junit-jupiter-api-5.7.1.jar:/home/piotrek/.m2/repository/org/junit/jupiter/junit-jupiter-params/5.7.1/junit-jupiter-params-5.7.1.jar:/home/piotrek/.m2/repository/org/junit/jupiter/junit-jupiter-engine/5.7.1/junit-jupiter-engine-5.7.1.jar:/home/piotrek/.m2/repository/org/mockito/mockito-core/3.6.28/mockito-core-3.6.28.jar:/home/piotrek/.m2/repository/net/bytebuddy/byte-buddy/1.10.22/byte-buddy-1.10.22.jar:/home/piotrek/.m2/repository/net/bytebuddy/byte-buddy-agent/1.10.22/byte-buddy-agent-1.10.22.jar:/home/piotrek/.m2/repository/org/objenesis/objenesis/3.1/objenesis-3.1.jar:/home/piotrek/.m2/repository/org/mockito/mockito-junit-jupiter/3.6.28/mockito-junit-jupiter-3.6.28.jar:/home/piotrek/.m2/repository/org/skyscreamer/jsonassert/1.5.0/jsonassert-1.5.0.jar:/home/piotrek/.m2/repository/com/vaadin/external/google/android-json/0.0.20131108.vaadin1/android-json-0.0.20131108.vaadin1.jar:/home/piotrek/.m2/repository/org/springframework/spring-core/5.3.5/spring-core-5.3.5.jar:/home/piotrek/.m2/repository/org/springframework/spring-jcl/5.3.5/spring-jcl-5.3.5.jar:/home/piotrek/.m2/repository/org/springframework/spring-test/5.3.5/spring-test-5.3.5.jar:/home/piotrek/.m2/repository/org/xmlunit/xmlunit-core/2.7.0/xmlunit-core-2.7.0.jar:/home/piotrek/.m2/repository/org/springframework/spring-beans/5.3.5/spring-beans-5.3.5.jar:/home/piotrek/.m2/repository/org/springframework/boot/spring-boot-starter-data-jpa/2.4.4/spring-boot-starter-data-jpa-2.4.4.jar:/home/piotrek/.m2/repository/org/springframework/boot/spring-boot-starter-aop/2.4.4/spring-boot-starter-aop-2.4.4.jar:/home/piotrek/.m2/repository/org/aspectj/aspectjweaver/1.9.6/aspectjweaver-1.9.6.jar:/home/piotrek/.m2/repository/org/springframework/boot/spring-boot-starter-jdbc/2.4.4/spring-boot-starter-jdbc-2.4.4.jar:/home/piotrek/.m2/repository/com/zaxxer/HikariCP/3.4.5/HikariCP-3.4.5.jar:/home/piotrek/.m2/repository/org/springframework/spring-jdbc/5.3.5/spring-jdbc-5.3.5.jar:/home/piotrek/.m2/repository/jakarta/transaction/jakarta.transaction-api/1.3.3/jakarta.transaction-api-1.3.3.jar:/home/piotrek/.m2/repository/jakarta/persistence/jakarta.persistence-api/2.2.3/jakarta.persistence-api-2.2.3.jar:/home/piotrek/.m2/repository/org/hibernate/hibernate-core/5.4.29.Final/hibernate-core-5.4.29.Final.jar:/home/piotrek/.m2/repository/org/jboss/logging/jboss-logging/3.4.1.Final/jboss-logging-3.4.1.Final.jar:/home/piotrek/.m2/repository/org/javassist/javassist/3.27.0-GA/javassist-3.27.0-GA.jar:/home/piotrek/.m2/repository/antlr/antlr/2.7.7/antlr-2.7.7.jar:/home/piotrek/.m2/repository/org/jboss/jandex/2.2.3.Final/jandex-2.2.3.Final.jar:/home/piotrek/.m2/repository/com/fasterxml/classmate/1.5.1/classmate-1.5.1.jar:/home/piotrek/.m2/repository/org/dom4j/dom4j/2.1.3/dom4j-2.1.3.jar:/home/piotrek/.m2/repository/org/hibernate/common/hibernate-commons-annotations/5.1.2.Final/hibernate-commons-annotations-5.1.2.Final.jar:/home/piotrek/.m2/repository/org/glassfish/jaxb/jaxb-runtime/2.3.3/jaxb-runtime-2.3.3.jar:/home/piotrek/.m2/repository/org/glassfish/jaxb/txw2/2.3.3/txw2-2.3.3.jar:/home/piotrek/.m2/repository/com/sun/istack/istack-commons-runtime/3.0.11/istack-commons-runtime-3.0.11.jar:/home/piotrek/.m2/repository/org/springframework/data/spring-data-jpa/2.4.6/spring-data-jpa-2.4.6.jar:/home/piotrek/.m2/repository/org/springframework/data/spring-data-commons/2.4.6/spring-data-commons-2.4.6.jar:/home/piotrek/.m2/repository/org/springframework/spring-orm/5.3.5/spring-orm-5.3.5.jar:/home/piotrek/.m2/repository/org/springframework/spring-tx/5.3.5/spring-tx-5.3.5.jar:/home/piotrek/.m2/repository/org/springframework/spring-aspects/5.3.5/spring-aspects-5.3.5.jar:/home/piotrek/.m2/repository/org/springframework/boot/spring-boot-configuration-processor/2.4.4/spring-boot-configuration-processor-2.4.4.jar:/home/piotrek/.m2/repository/javax/servlet/javax.servlet-api/4.0.1/javax.servlet-api-4.0.1.jar:/home/piotrek/.m2/repository/com/h2database/h2/1.3.156/h2-1.3.156.jar:/home/piotrek/.m2/repository/com/microsoft/sqlserver/mssql-jdbc/9.2.1.jre15/mssql-jdbc-9.2.1.jre15.jar:/home/piotrek/.m2/repository/org/thymeleaf/thymeleaf/3.0.12.RELEASE/thymeleaf-3.0.12.RELEASE.jar:/home/piotrek/.m2/repository/ognl/ognl/3.1.26/ognl-3.1.26.jar:/home/piotrek/.m2/repository/org/attoparser/attoparser/2.0.5.RELEASE/attoparser-2.0.5.RELEASE.jar:/home/piotrek/.m2/repository/org/unbescape/unbescape/1.1.6.RELEASE/unbescape-1.1.6.RELEASE.jar:/home/piotrek/.m2/repository/org/slf4j/slf4j-api/1.7.30/slf4j-api-1.7.30.jar:/home/piotrek/.m2/repository/org/springframework/boot/spring-boot-starter-mail/2.4.5/spring-boot-starter-mail-2.4.5.jar:/home/piotrek/.m2/repository/com/sun/mail/jakarta.mail/1.6.6/jakarta.mail-1.6.6.jar:/home/piotrek/.m2/repository/com/sun/activation/jakarta.activation/1.2.2/jakarta.activation-1.2.2.jar:/home/piotrek/.m2/repository/org/springframework/spring-context-support/5.3.6/spring-context-support-5.3.6.jar:/home/piotrek/.m2/repository/org/springframework/spring-context/5.3.5/spring-context-5.3.5.jar:/home/piotrek/.m2/repository/org/junit/vintage/junit-vintage-engine/5.7.1/junit-vintage-engine-5.7.1.jar:/home/piotrek/.m2/repository/org/apiguardian/apiguardian-api/1.1.0/apiguardian-api-1.1.0.jar:/home/piotrek/.m2/repository/org/junit/platform/junit-platform-engine/1.7.1/junit-platform-engine-1.7.1.jar:/home/piotrek/.m2/repository/org/opentest4j/opentest4j/1.2.0/opentest4j-1.2.0.jar:/home/piotrek/.m2/repository/org/junit/platform/junit-platform-commons/1.7.1/junit-platform-commons-1.7.1.jar:/home/piotrek/.m2/repository/junit/junit/4.13.2/junit-4.13.2.jar:"/>
    <property name="sun.cpu.endian" value="little"/>
    <property name="user.home" value="/home/piotrek"/>
    <property name="user.language" value="pl"/>
    <property name="java.specification.vendor" value="Oracle Corporation"/>
    <property name="java.version.date" value="2021-03-16"/>
    <property name="java.home" value="/home/piotrek/.jdks/openjdk-16"/>
    <property name="file.separator" value="/"/>
    <property name="basedir" value="/home/piotrek/Restaurant_Project/project"/>
    <property name="java.vm.compressedOopsMode" value="Zero based"/>
    <property name="line.separator" value="&#10;"/>
    <property name="java.vm.specification.vendor" value="Oracle Corporation"/>
    <property name="java.specification.name" value="Java Platform API Specification"/>
    <property name="surefire.real.class.path" value="/home/piotrek/Restaurant_Project/project/target/surefire/surefirebooter15675363509449603880.jar"/>
    <property name="sun.management.compiler" value="HotSpot 64-Bit Tiered Compilers"/>
    <property name="java.runtime.version" value="16+36-2231"/>
    <property name="user.name" value="piotrek"/>
    <property name="path.separator" value=":"/>
    <property name="os.version" value="5.4.0-72-lowlatency"/>
    <property name="java.runtime.name" value="OpenJDK Runtime Environment"/>
    <property name="file.encoding" value="UTF-8"/>
    <property name="java.vm.name" value="OpenJDK 64-Bit Server VM"/>
    <property name="localRepository" value="/home/piotrek/.m2/repository"/>
    <property name="java.vendor.url.bug" value="https://bugreport.java.com/bugreport/"/>
    <property name="java.io.tmpdir" value="/tmp"/>
    <property name="idea.version" value="2021.1.1"/>
    <property name="java.version" value="16"/>
    <property name="user.dir" value="/home/piotrek/Restaurant_Project/project"/>
    <property name="os.arch" value="amd64"/>
    <property name="java.vm.specification.name" value="Java Virtual Machine Specification"/>
    <property name="java.library.path" value="/usr/java/packages/lib:/usr/lib64:/lib64:/lib:/usr/lib"/>
    <property name="java.vm.info" value="mixed mode, sharing"/>
    <property name="java.vendor" value="Oracle Corporation"/>
    <property name="java.vm.version" value="16+36-2231"/>
    <property name="sun.io.unicode.encoding" value="UnicodeLittle"/>
    <property name="java.class.version" value="60.0"/>
  </properties>
  <testcase name="getWarehousesTests" classname="pl.agh.restaurant_project.WarehouseTests" time="0.015"/>
</testsuite>